Determining if the pthread_create exist failed with the following output:
Change Dir: /u4/w257wang/cs488/cs488/shared/glfw-3.1.1/build/CMakeFiles/CMakeTmp

Run Build Command:/usr/bin/make "cmTryCompileExec346383658/fast"
/usr/bin/make -f CMakeFiles/cmTryCompileExec346383658.dir/build.make CMakeFiles/cmTryCompileExec346383658.dir/build
make[1]: Entering directory `/u4/w257wang/cs488/cs488/shared/glfw-3.1.1/build/CMakeFiles/CMakeTmp'
/usr/bin/cmake -E cmake_progress_report /u4/w257wang/cs488/cs488/shared/glfw-3.1.1/build/CMakeFiles/CMakeTmp/CMakeFiles 1
Building C object CMakeFiles/cmTryCompileExec346383658.dir/CheckSymbolExists.c.o
/usr/bin/cc    -o CMakeFiles/cmTryCompileExec346383658.dir/CheckSymbolExists.c.o   -c /u4/w257wang/cs488/cs488/shared/glfw-3.1.1/build/CMakeFiles/CMakeTmp/CheckSymbolExists.c
Linking C executable cmTryCompileExec346383658
/usr/bin/cmake -E cmake_link_script CMakeFiles/cmTryCompileExec346383658.dir/link.txt --verbose=1
/usr/bin/cc       CMakeFiles/cmTryCompileExec346383658.dir/CheckSymbolExists.c.o  -o cmTryCompileExec346383658 -rdynamic 
CMakeFiles/cmTryCompileExec346383658.dir/CheckSymbolExists.c.o: In function `main':
CheckSymbolExists.c:(.text+0x16): undefined reference to `pthread_create'
collect2: error: ld returned 1 exit status
make[1]: *** [cmTryCompileExec346383658] Error 1
make[1]: Leaving directory `/u4/w257wang/cs488/cs488/shared/glfw-3.1.1/build/CMakeFiles/CMakeTmp'
make: *** [cmTryCompileExec346383658/fast] Error 2

File /u4/w257wang/cs488/cs488/shared/glfw-3.1.1/build/CMakeFiles/CMakeTmp/CheckSymbolExists.c:
/* */
#include <pthread.h>

int main(int argc, char** argv)
{
  (void)argv;
#ifndef pthread_create
  return ((int*)(&pthread_create))[argc];
#else
  (void)argc;
  return 0;
#endif
}

Determining if the function pthread_create exists in the pthreads failed with the following output:
Change Dir: /u4/w257wang/cs488/cs488/shared/glfw-3.1.1/build/CMakeFiles/CMakeTmp

Run Build Command:/usr/bin/make "cmTryCompileExec1533564135/fast"
/usr/bin/make -f CMakeFiles/cmTryCompileExec1533564135.dir/build.make CMakeFiles/cmTryCompileExec1533564135.dir/build
make[1]: Entering directory `/u4/w257wang/cs488/cs488/shared/glfw-3.1.1/build/CMakeFiles/CMakeTmp'
/usr/bin/cmake -E cmake_progress_report /u4/w257wang/cs488/cs488/shared/glfw-3.1.1/build/CMakeFiles/CMakeTmp/CMakeFiles 1
Building C object CMakeFiles/cmTryCompileExec1533564135.dir/CheckFunctionExists.c.o
/usr/bin/cc   -DCHECK_FUNCTION_EXISTS=pthread_create   -o CMakeFiles/cmTryCompileExec1533564135.dir/CheckFunctionExists.c.o   -c /usr/share/cmake-2.8/Modules/CheckFunctionExists.c
Linking C executable cmTryCompileExec1533564135
/usr/bin/cmake -E cmake_link_script CMakeFiles/cmTryCompileExec1533564135.dir/link.txt --verbose=1
/usr/bin/cc   -DCHECK_FUNCTION_EXISTS=pthread_create    CMakeFiles/cmTryCompileExec1533564135.dir/CheckFunctionExists.c.o  -o cmTryCompileExec1533564135 -rdynamic -lpthreads 
/usr/bin/ld: cannot find -lpthreads
collect2: error: ld returned 1 exit status
make[1]: *** [cmTryCompileExec1533564135] Error 1
make[1]: Leaving directory `/u4/w257wang/cs488/cs488/shared/glfw-3.1.1/build/CMakeFiles/CMakeTmp'
make: *** [cmTryCompileExec1533564135/fast] Error 2


Determining if the function glXGetProcAddressEXT exists failed with the following output:
Change Dir: /u4/w257wang/cs488/cs488/shared/glfw-3.1.1/build/CMakeFiles/CMakeTmp

Run Build Command:/usr/bin/make "cmTryCompileExec702563548/fast"
/usr/bin/make -f CMakeFiles/cmTryCompileExec702563548.dir/build.make CMakeFiles/cmTryCompileExec702563548.dir/build
make[1]: Entering directory `/u4/w257wang/cs488/cs488/shared/glfw-3.1.1/build/CMakeFiles/CMakeTmp'
/usr/bin/cmake -E cmake_progress_report /u4/w257wang/cs488/cs488/shared/glfw-3.1.1/build/CMakeFiles/CMakeTmp/CMakeFiles 1
Building C object CMakeFiles/cmTryCompileExec702563548.dir/CheckFunctionExists.c.o
/usr/bin/cc   -DCHECK_FUNCTION_EXISTS=glXGetProcAddressEXT   -o CMakeFiles/cmTryCompileExec702563548.dir/CheckFunctionExists.c.o   -c /usr/share/cmake-2.8/Modules/CheckFunctionExists.c
Linking C executable cmTryCompileExec702563548
/usr/bin/cmake -E cmake_link_script CMakeFiles/cmTryCompileExec702563548.dir/link.txt --verbose=1
/usr/bin/cc   -DCHECK_FUNCTION_EXISTS=glXGetProcAddressEXT    CMakeFiles/cmTryCompileExec702563548.dir/CheckFunctionExists.c.o  -o cmTryCompileExec702563548 -rdynamic -lGL 
CMakeFiles/cmTryCompileExec702563548.dir/CheckFunctionExists.c.o: In function `main':
CheckFunctionExists.c:(.text+0x15): undefined reference to `glXGetProcAddressEXT'
collect2: error: ld returned 1 exit status
make[1]: *** [cmTryCompileExec702563548] Error 1
make[1]: Leaving directory `/u4/w257wang/cs488/cs488/shared/glfw-3.1.1/build/CMakeFiles/CMakeTmp'
make: *** [cmTryCompileExec702563548/fast] Error 2


