The system is: Darwin - 15.4.0 - x86_64
Compiling the C compiler identification source file "CMakeCCompilerId.c" succeeded.
Compiler: /Applications/Xcode.app/Contents/Developer/Toolchains/XcodeDefault.xctoolchain/usr/bin/cc 
Build flags: 
Id flags: 

The output was:
0


Compilation of the C compiler identification source "CMakeCCompilerId.c" produced "a.out"

The C compiler identification is AppleClang, found in "/Users/weichengwang/Desktop/spring2016/cs488/shared/glfw-3.1.1/build/CMakeFiles/3.5.2/CompilerIdC/a.out"

Determining if the C compiler works passed with the following output:
Change Dir: /Users/weichengwang/Desktop/spring2016/cs488/shared/glfw-3.1.1/build/CMakeFiles/CMakeTmp

Run Build Command:"/usr/bin/make" "cmTC_f38a6/fast"
/Applications/Xcode.app/Contents/Developer/usr/bin/make -f CMakeFiles/cmTC_f38a6.dir/build.make CMakeFiles/cmTC_f38a6.dir/build
Building C object CMakeFiles/cmTC_f38a6.dir/testCCompiler.c.o
/Applications/Xcode.app/Contents/Developer/Toolchains/XcodeDefault.xctoolchain/usr/bin/cc     -o CMakeFiles/cmTC_f38a6.dir/testCCompiler.c.o   -c /Users/weichengwang/Desktop/spring2016/cs488/shared/glfw-3.1.1/build/CMakeFiles/CMakeTmp/testCCompiler.c
Linking C executable cmTC_f38a6
/opt/local/bin/cmake -E cmake_link_script CMakeFiles/cmTC_f38a6.dir/link.txt --verbose=1
/Applications/Xcode.app/Contents/Developer/Toolchains/XcodeDefault.xctoolchain/usr/bin/cc    -Wl,-search_paths_first -Wl,-headerpad_max_install_names   CMakeFiles/cmTC_f38a6.dir/testCCompiler.c.o  -o cmTC_f38a6  


Detecting C compiler ABI info compiled with the following output:
Change Dir: /Users/weichengwang/Desktop/spring2016/cs488/shared/glfw-3.1.1/build/CMakeFiles/CMakeTmp

Run Build Command:"/usr/bin/make" "cmTC_1ae7e/fast"
/Applications/Xcode.app/Contents/Developer/usr/bin/make -f CMakeFiles/cmTC_1ae7e.dir/build.make CMakeFiles/cmTC_1ae7e.dir/build
Building C object CMakeFiles/cmTC_1ae7e.dir/CMakeCCompilerABI.c.o
/Applications/Xcode.app/Contents/Developer/Toolchains/XcodeDefault.xctoolchain/usr/bin/cc     -o CMakeFiles/cmTC_1ae7e.dir/CMakeCCompilerABI.c.o   -c /opt/local/share/cmake-3.5/Modules/CMakeCCompilerABI.c
Linking C executable cmTC_1ae7e
/opt/local/bin/cmake -E cmake_link_script CMakeFiles/cmTC_1ae7e.dir/link.txt --verbose=1
/Applications/Xcode.app/Contents/Developer/Toolchains/XcodeDefault.xctoolchain/usr/bin/cc    -Wl,-search_paths_first -Wl,-headerpad_max_install_names  -v -Wl,-v CMakeFiles/cmTC_1ae7e.dir/CMakeCCompilerABI.c.o  -o cmTC_1ae7e   
Apple LLVM version 7.3.0 (clang-703.0.31)
Target: x86_64-apple-darwin15.4.0
Thread model: posix
InstalledDir: /Applications/Xcode.app/Contents/Developer/Toolchains/XcodeDefault.xctoolchain/usr/bin
 "/Applications/Xcode.app/Contents/Developer/Toolchains/XcodeDefault.xctoolchain/usr/bin/ld" -demangle -dynamic -arch x86_64 -macosx_version_min 10.11.0 -o cmTC_1ae7e -search_paths_first -headerpad_max_install_names -v CMakeFiles/cmTC_1ae7e.dir/CMakeCCompilerABI.c.o -lSystem /Applications/Xcode.app/Contents/Developer/Toolchains/XcodeDefault.xctoolchain/usr/bin/../lib/clang/7.3.0/lib/darwin/libclang_rt.osx.a
@(#)PROGRAM:ld  PROJECT:ld64-264.3.102
configured to support archs: armv6 armv7 armv7s arm64 i386 x86_64 x86_64h armv6m armv7k armv7m armv7em (tvOS)
Library search paths:
	/usr/lib
Framework search paths:
	/Library/Frameworks/
	/System/Library/Frameworks/


Parsed C implicit link information from above output:
  link line regex: [^( *|.*[/\])(ld|([^/\]+-)?ld|collect2)[^/\]*( |$)]
  ignore line: [Change Dir: /Users/weichengwang/Desktop/spring2016/cs488/shared/glfw-3.1.1/build/CMakeFiles/CMakeTmp]
  ignore line: []
  ignore line: [Run Build Command:"/usr/bin/make" "cmTC_1ae7e/fast"]
  ignore line: [/Applications/Xcode.app/Contents/Developer/usr/bin/make -f CMakeFiles/cmTC_1ae7e.dir/build.make CMakeFiles/cmTC_1ae7e.dir/build]
  ignore line: [Building C object CMakeFiles/cmTC_1ae7e.dir/CMakeCCompilerABI.c.o]
  ignore line: [/Applications/Xcode.app/Contents/Developer/Toolchains/XcodeDefault.xctoolchain/usr/bin/cc     -o CMakeFiles/cmTC_1ae7e.dir/CMakeCCompilerABI.c.o   -c /opt/local/share/cmake-3.5/Modules/CMakeCCompilerABI.c]
  ignore line: [Linking C executable cmTC_1ae7e]
  ignore line: [/opt/local/bin/cmake -E cmake_link_script CMakeFiles/cmTC_1ae7e.dir/link.txt --verbose=1]
  ignore line: [/Applications/Xcode.app/Contents/Developer/Toolchains/XcodeDefault.xctoolchain/usr/bin/cc    -Wl,-search_paths_first -Wl,-headerpad_max_install_names  -v -Wl,-v CMakeFiles/cmTC_1ae7e.dir/CMakeCCompilerABI.c.o  -o cmTC_1ae7e   ]
  ignore line: [Apple LLVM version 7.3.0 (clang-703.0.31)]
  ignore line: [Target: x86_64-apple-darwin15.4.0]
  ignore line: [Thread model: posix]
  ignore line: [InstalledDir: /Applications/Xcode.app/Contents/Developer/Toolchains/XcodeDefault.xctoolchain/usr/bin]
  link line: [ "/Applications/Xcode.app/Contents/Developer/Toolchains/XcodeDefault.xctoolchain/usr/bin/ld" -demangle -dynamic -arch x86_64 -macosx_version_min 10.11.0 -o cmTC_1ae7e -search_paths_first -headerpad_max_install_names -v CMakeFiles/cmTC_1ae7e.dir/CMakeCCompilerABI.c.o -lSystem /Applications/Xcode.app/Contents/Developer/Toolchains/XcodeDefault.xctoolchain/usr/bin/../lib/clang/7.3.0/lib/darwin/libclang_rt.osx.a]
    arg [/Applications/Xcode.app/Contents/Developer/Toolchains/XcodeDefault.xctoolchain/usr/bin/ld] ==> ignore
    arg [-demangle] ==> ignore
    arg [-dynamic] ==> ignore
    arg [-arch] ==> ignore
    arg [x86_64] ==> ignore
    arg [-macosx_version_min] ==> ignore
    arg [10.11.0] ==> ignore
    arg [-o] ==> ignore
    arg [cmTC_1ae7e] ==> ignore
    arg [-search_paths_first] ==> ignore
    arg [-headerpad_max_install_names] ==> ignore
    arg [-v] ==> ignore
    arg [CMakeFiles/cmTC_1ae7e.dir/CMakeCCompilerABI.c.o] ==> ignore
    arg [-lSystem] ==> lib [System]
    arg [/Applications/Xcode.app/Contents/Developer/Toolchains/XcodeDefault.xctoolchain/usr/bin/../lib/clang/7.3.0/lib/darwin/libclang_rt.osx.a] ==> lib [/Applications/Xcode.app/Contents/Developer/Toolchains/XcodeDefault.xctoolchain/usr/bin/../lib/clang/7.3.0/lib/darwin/libclang_rt.osx.a]
  Library search paths: [;/usr/lib]
  Framework search paths: [;/Library/Frameworks/;/System/Library/Frameworks/]
  remove lib [System]
  collapse lib [/Applications/Xcode.app/Contents/Developer/Toolchains/XcodeDefault.xctoolchain/usr/bin/../lib/clang/7.3.0/lib/darwin/libclang_rt.osx.a] ==> [/Applications/Xcode.app/Contents/Developer/Toolchains/XcodeDefault.xctoolchain/usr/lib/clang/7.3.0/lib/darwin/libclang_rt.osx.a]
  collapse library dir [/usr/lib] ==> [/usr/lib]
  collapse framework dir [/Library/Frameworks/] ==> [/Library/Frameworks]
  collapse framework dir [/System/Library/Frameworks/] ==> [/System/Library/Frameworks]
  implicit libs: [/Applications/Xcode.app/Contents/Developer/Toolchains/XcodeDefault.xctoolchain/usr/lib/clang/7.3.0/lib/darwin/libclang_rt.osx.a]
  implicit dirs: [/usr/lib]
  implicit fwks: [/Library/Frameworks;/System/Library/Frameworks]




Detecting C [-std=c11] compiler features compiled with the following output:
Change Dir: /Users/weichengwang/Desktop/spring2016/cs488/shared/glfw-3.1.1/build/CMakeFiles/CMakeTmp

Run Build Command:"/usr/bin/make" "cmTC_fdb06/fast"
/Applications/Xcode.app/Contents/Developer/usr/bin/make -f CMakeFiles/cmTC_fdb06.dir/build.make CMakeFiles/cmTC_fdb06.dir/build
Building C object CMakeFiles/cmTC_fdb06.dir/feature_tests.c.o
/Applications/Xcode.app/Contents/Developer/Toolchains/XcodeDefault.xctoolchain/usr/bin/cc    -std=c11 -o CMakeFiles/cmTC_fdb06.dir/feature_tests.c.o   -c /Users/weichengwang/Desktop/spring2016/cs488/shared/glfw-3.1.1/build/CMakeFiles/feature_tests.c
Linking C executable cmTC_fdb06
/opt/local/bin/cmake -E cmake_link_script CMakeFiles/cmTC_fdb06.dir/link.txt --verbose=1
/Applications/Xcode.app/Contents/Developer/Toolchains/XcodeDefault.xctoolchain/usr/bin/cc    -Wl,-search_paths_first -Wl,-headerpad_max_install_names   CMakeFiles/cmTC_fdb06.dir/feature_tests.c.o  -o cmTC_fdb06  


    Feature record: C_FEATURE:1c_function_prototypes
    Feature record: C_FEATURE:1c_restrict
    Feature record: C_FEATURE:1c_static_assert
    Feature record: C_FEATURE:1c_variadic_macros


Detecting C [-std=c99] compiler features compiled with the following output:
Change Dir: /Users/weichengwang/Desktop/spring2016/cs488/shared/glfw-3.1.1/build/CMakeFiles/CMakeTmp

Run Build Command:"/usr/bin/make" "cmTC_89981/fast"
/Applications/Xcode.app/Contents/Developer/usr/bin/make -f CMakeFiles/cmTC_89981.dir/build.make CMakeFiles/cmTC_89981.dir/build
Building C object CMakeFiles/cmTC_89981.dir/feature_tests.c.o
/Applications/Xcode.app/Contents/Developer/Toolchains/XcodeDefault.xctoolchain/usr/bin/cc    -std=c99 -o CMakeFiles/cmTC_89981.dir/feature_tests.c.o   -c /Users/weichengwang/Desktop/spring2016/cs488/shared/glfw-3.1.1/build/CMakeFiles/feature_tests.c
Linking C executable cmTC_89981
/opt/local/bin/cmake -E cmake_link_script CMakeFiles/cmTC_89981.dir/link.txt --verbose=1
/Applications/Xcode.app/Contents/Developer/Toolchains/XcodeDefault.xctoolchain/usr/bin/cc    -Wl,-search_paths_first -Wl,-headerpad_max_install_names   CMakeFiles/cmTC_89981.dir/feature_tests.c.o  -o cmTC_89981  


    Feature record: C_FEATURE:1c_function_prototypes
    Feature record: C_FEATURE:1c_restrict
    Feature record: C_FEATURE:0c_static_assert
    Feature record: C_FEATURE:1c_variadic_macros


Detecting C [-std=c90] compiler features compiled with the following output:
Change Dir: /Users/weichengwang/Desktop/spring2016/cs488/shared/glfw-3.1.1/build/CMakeFiles/CMakeTmp

Run Build Command:"/usr/bin/make" "cmTC_43f38/fast"
/Applications/Xcode.app/Contents/Developer/usr/bin/make -f CMakeFiles/cmTC_43f38.dir/build.make CMakeFiles/cmTC_43f38.dir/build
Building C object CMakeFiles/cmTC_43f38.dir/feature_tests.c.o
/Applications/Xcode.app/Contents/Developer/Toolchains/XcodeDefault.xctoolchain/usr/bin/cc    -std=c90 -o CMakeFiles/cmTC_43f38.dir/feature_tests.c.o   -c /Users/weichengwang/Desktop/spring2016/cs488/shared/glfw-3.1.1/build/CMakeFiles/feature_tests.c
Linking C executable cmTC_43f38
/opt/local/bin/cmake -E cmake_link_script CMakeFiles/cmTC_43f38.dir/link.txt --verbose=1
/Applications/Xcode.app/Contents/Developer/Toolchains/XcodeDefault.xctoolchain/usr/bin/cc    -Wl,-search_paths_first -Wl,-headerpad_max_install_names   CMakeFiles/cmTC_43f38.dir/feature_tests.c.o  -o cmTC_43f38  


    Feature record: C_FEATURE:1c_function_prototypes
    Feature record: C_FEATURE:0c_restrict
    Feature record: C_FEATURE:0c_static_assert
    Feature record: C_FEATURE:0c_variadic_macros
Determining if the include file pthread.h exists passed with the following output:
Change Dir: /Users/weichengwang/Desktop/spring2016/cs488/shared/glfw-3.1.1/build/CMakeFiles/CMakeTmp

Run Build Command:"/usr/bin/make" "cmTC_7c27f/fast"
/Applications/Xcode.app/Contents/Developer/usr/bin/make -f CMakeFiles/cmTC_7c27f.dir/build.make CMakeFiles/cmTC_7c27f.dir/build
Building C object CMakeFiles/cmTC_7c27f.dir/CheckIncludeFile.c.o
/Applications/Xcode.app/Contents/Developer/Toolchains/XcodeDefault.xctoolchain/usr/bin/cc     -o CMakeFiles/cmTC_7c27f.dir/CheckIncludeFile.c.o   -c /Users/weichengwang/Desktop/spring2016/cs488/shared/glfw-3.1.1/build/CMakeFiles/CMakeTmp/CheckIncludeFile.c
Linking C executable cmTC_7c27f
/opt/local/bin/cmake -E cmake_link_script CMakeFiles/cmTC_7c27f.dir/link.txt --verbose=1
/Applications/Xcode.app/Contents/Developer/Toolchains/XcodeDefault.xctoolchain/usr/bin/cc    -Wl,-search_paths_first -Wl,-headerpad_max_install_names   CMakeFiles/cmTC_7c27f.dir/CheckIncludeFile.c.o  -o cmTC_7c27f  


Determining if the pthread_create exist passed with the following output:
Change Dir: /Users/weichengwang/Desktop/spring2016/cs488/shared/glfw-3.1.1/build/CMakeFiles/CMakeTmp

Run Build Command:"/usr/bin/make" "cmTC_9555c/fast"
/Applications/Xcode.app/Contents/Developer/usr/bin/make -f CMakeFiles/cmTC_9555c.dir/build.make CMakeFiles/cmTC_9555c.dir/build
Building C object CMakeFiles/cmTC_9555c.dir/CheckSymbolExists.c.o
/Applications/Xcode.app/Contents/Developer/Toolchains/XcodeDefault.xctoolchain/usr/bin/cc     -o CMakeFiles/cmTC_9555c.dir/CheckSymbolExists.c.o   -c /Users/weichengwang/Desktop/spring2016/cs488/shared/glfw-3.1.1/build/CMakeFiles/CMakeTmp/CheckSymbolExists.c
Linking C executable cmTC_9555c
/opt/local/bin/cmake -E cmake_link_script CMakeFiles/cmTC_9555c.dir/link.txt --verbose=1
/Applications/Xcode.app/Contents/Developer/Toolchains/XcodeDefault.xctoolchain/usr/bin/cc    -Wl,-search_paths_first -Wl,-headerpad_max_install_names   CMakeFiles/cmTC_9555c.dir/CheckSymbolExists.c.o  -o cmTC_9555c  

File /Users/weichengwang/Desktop/spring2016/cs488/shared/glfw-3.1.1/build/CMakeFiles/CMakeTmp/CheckSymbolExists.c:
/* */
#include <pthread.h>

int main(int argc, char** argv)
{
  (void)argv;
#ifndef pthread_create
  return ((int*)(&pthread_create))[argc];
#else
  (void)argc;
  return 0;
#endif
}

Determining if the include file pthread.h exists passed with the following output:
Change Dir: /Users/weichengwang/Desktop/spring2016/cs488/shared/glfw-3.1.1/build/CMakeFiles/CMakeTmp

Run Build Command:"/usr/bin/make" "cmTC_3bd80/fast"
/Applications/Xcode.app/Contents/Developer/usr/bin/make -f CMakeFiles/cmTC_3bd80.dir/build.make CMakeFiles/cmTC_3bd80.dir/build
Building C object CMakeFiles/cmTC_3bd80.dir/CheckIncludeFile.c.o
/Applications/Xcode.app/Contents/Developer/Toolchains/XcodeDefault.xctoolchain/usr/bin/cc     -o CMakeFiles/cmTC_3bd80.dir/CheckIncludeFile.c.o   -c /Users/weichengwang/Desktop/spring2016/cs488/shared/glfw-3.1.1/build/CMakeFiles/CMakeTmp/CheckIncludeFile.c
Linking C executable cmTC_3bd80
/opt/local/bin/cmake -E cmake_link_script CMakeFiles/cmTC_3bd80.dir/link.txt --verbose=1
/Applications/Xcode.app/Contents/Developer/Toolchains/XcodeDefault.xctoolchain/usr/bin/cc    -Wl,-search_paths_first -Wl,-headerpad_max_install_names   CMakeFiles/cmTC_3bd80.dir/CheckIncludeFile.c.o  -o cmTC_3bd80  


Determining if the pthread_create exist passed with the following output:
Change Dir: /Users/weichengwang/Desktop/spring2016/cs488/shared/glfw-3.1.1/build/CMakeFiles/CMakeTmp

Run Build Command:"/usr/bin/make" "cmTC_712c1/fast"
/Applications/Xcode.app/Contents/Developer/usr/bin/make -f CMakeFiles/cmTC_712c1.dir/build.make CMakeFiles/cmTC_712c1.dir/build
Building C object CMakeFiles/cmTC_712c1.dir/CheckSymbolExists.c.o
/Applications/Xcode.app/Contents/Developer/Toolchains/XcodeDefault.xctoolchain/usr/bin/cc     -o CMakeFiles/cmTC_712c1.dir/CheckSymbolExists.c.o   -c /Users/weichengwang/Desktop/spring2016/cs488/shared/glfw-3.1.1/build/CMakeFiles/CMakeTmp/CheckSymbolExists.c
Linking C executable cmTC_712c1
/opt/local/bin/cmake -E cmake_link_script CMakeFiles/cmTC_712c1.dir/link.txt --verbose=1
/Applications/Xcode.app/Contents/Developer/Toolchains/XcodeDefault.xctoolchain/usr/bin/cc    -Wl,-search_paths_first -Wl,-headerpad_max_install_names   CMakeFiles/cmTC_712c1.dir/CheckSymbolExists.c.o  -o cmTC_712c1  

File /Users/weichengwang/Desktop/spring2016/cs488/shared/glfw-3.1.1/build/CMakeFiles/CMakeTmp/CheckSymbolExists.c:
/* */
#include <pthread.h>

int main(int argc, char** argv)
{
  (void)argv;
#ifndef pthread_create
  return ((int*)(&pthread_create))[argc];
#else
  (void)argc;
  return 0;
#endif
}

